=> Booting WEBrick
=> Rails 4.0.3 application starting in development on http://0.0.0.0:3000
=> Run `rails server -h` for more startup options
=> Ctrl-C to shutdown server


Started GET "/static_pages/home" for 127.0.0.1 at 2014-03-10 00:07:26 -0500
Processing by StaticPagesController#home as HTML
  Rendered static_pages/home.html.erb within layouts/application (1.5ms)
Warning. Error encountered while saving cache 2d71bacb9b606aa9b87891516b09f5d4add658ed/static_pages.css.scssc: can't dump anonymous class #<Class:0x007f9f92d6d718>

Completed 200 OK in 434ms (Views: 433.8ms | ActiveRecord: 0.0ms)


Started GET "/assets/application.css?body=1" for 127.0.0.1 at 2014-03-10 00:07:26 -0500


Started GET "/assets/jquery.js?body=1" for 127.0.0.1 at 2014-03-10 00:07:26 -0500


Started GET "/assets/turbolinks.js?body=1" for 127.0.0.1 at 2014-03-10 00:07:26 -0500


Started GET "/assets/static_pages.css?body=1" for 127.0.0.1 at 2014-03-10 00:07:26 -0500


Started GET "/assets/jquery_ujs.js?body=1" for 127.0.0.1 at 2014-03-10 00:07:26 -0500


Started GET "/assets/static_pages.js?body=1" for 127.0.0.1 at 2014-03-10 00:07:26 -0500


Started GET "/assets/application.js?body=1" for 127.0.0.1 at 2014-03-10 00:07:26 -0500


Started GET "/home" for 127.0.0.1 at 2014-03-10 00:07:40 -0500

ActionController::RoutingError (No route matches [GET] "/home"):
  actionpack (4.0.3) lib/action_dispatch/middleware/debug_exceptions.rb:21:in `call'
  actionpack (4.0.3) lib/action_dispatch/middleware/show_exceptions.rb:30:in `call'
  railties (4.0.3) lib/rails/rack/logger.rb:38:in `call_app'
  railties (4.0.3) lib/rails/rack/logger.rb:20:in `block in call'
  activesupport (4.0.3) lib/active_support/tagged_logging.rb:67:in `block in tagged'
  activesupport (4.0.3) lib/active_support/tagged_logging.rb:25:in `tagged'
  activesupport (4.0.3) lib/active_support/tagged_logging.rb:67:in `tagged'
  railties (4.0.3) lib/rails/rack/logger.rb:20:in `call'
  actionpack (4.0.3) lib/action_dispatch/middleware/request_id.rb:21:in `call'
  rack (1.5.2) lib/rack/methodoverride.rb:21:in `call'
  rack (1.5.2) lib/rack/runtime.rb:17:in `call'
  activesupport (4.0.3) lib/active_support/cache/strategy/local_cache.rb:83:in `call'
  rack (1.5.2) lib/rack/lock.rb:17:in `call'
  actionpack (4.0.3) lib/action_dispatch/middleware/static.rb:64:in `call'
  rack (1.5.2) lib/rack/sendfile.rb:112:in `call'
  railties (4.0.3) lib/rails/engine.rb:511:in `call'
  railties (4.0.3) lib/rails/application.rb:97:in `call'
  rack (1.5.2) lib/rack/lock.rb:17:in `call'
  rack (1.5.2) lib/rack/content_length.rb:14:in `call'
  rack (1.5.2) lib/rack/handler/webrick.rb:60:in `service'
  /Users/argamon/.rvm/rubies/ruby-2.1.1/lib/ruby/2.1.0/webrick/httpserver.rb:138:in `service'
  /Users/argamon/.rvm/rubies/ruby-2.1.1/lib/ruby/2.1.0/webrick/httpserver.rb:94:in `run'
  /Users/argamon/.rvm/rubies/ruby-2.1.1/lib/ruby/2.1.0/webrick/server.rb:295:in `block in start_thread'


  Rendered /Users/argamon/.rvm/gems/ruby-2.1.1/gems/actionpack-4.0.3/lib/action_dispatch/middleware/templates/rescues/_trace.erb (0.9ms)
  Rendered /Users/argamon/.rvm/gems/ruby-2.1.1/gems/actionpack-4.0.3/lib/action_dispatch/middleware/templates/routes/_route.html.erb (0.8ms)
  Rendered /Users/argamon/.rvm/gems/ruby-2.1.1/gems/actionpack-4.0.3/lib/action_dispatch/middleware/templates/routes/_table.html.erb (5.0ms)
  Rendered /Users/argamon/.rvm/gems/ruby-2.1.1/gems/actionpack-4.0.3/lib/action_dispatch/middleware/templates/rescues/routing_error.erb within rescues/layout (24.4ms)


Started GET "/static-pages/home" for 127.0.0.1 at 2014-03-10 00:07:51 -0500

ActionController::RoutingError (No route matches [GET] "/static-pages/home"):
  actionpack (4.0.3) lib/action_dispatch/middleware/debug_exceptions.rb:21:in `call'
  actionpack (4.0.3) lib/action_dispatch/middleware/show_exceptions.rb:30:in `call'
  railties (4.0.3) lib/rails/rack/logger.rb:38:in `call_app'
  railties (4.0.3) lib/rails/rack/logger.rb:20:in `block in call'
  activesupport (4.0.3) lib/active_support/tagged_logging.rb:67:in `block in tagged'
  activesupport (4.0.3) lib/active_support/tagged_logging.rb:25:in `tagged'
  activesupport (4.0.3) lib/active_support/tagged_logging.rb:67:in `tagged'
  railties (4.0.3) lib/rails/rack/logger.rb:20:in `call'
  actionpack (4.0.3) lib/action_dispatch/middleware/request_id.rb:21:in `call'
  rack (1.5.2) lib/rack/methodoverride.rb:21:in `call'
  rack (1.5.2) lib/rack/runtime.rb:17:in `call'
  activesupport (4.0.3) lib/active_support/cache/strategy/local_cache.rb:83:in `call'
  rack (1.5.2) lib/rack/lock.rb:17:in `call'
  actionpack (4.0.3) lib/action_dispatch/middleware/static.rb:64:in `call'
  rack (1.5.2) lib/rack/sendfile.rb:112:in `call'
  railties (4.0.3) lib/rails/engine.rb:511:in `call'
  railties (4.0.3) lib/rails/application.rb:97:in `call'
  rack (1.5.2) lib/rack/lock.rb:17:in `call'
  rack (1.5.2) lib/rack/content_length.rb:14:in `call'
  rack (1.5.2) lib/rack/handler/webrick.rb:60:in `service'
  /Users/argamon/.rvm/rubies/ruby-2.1.1/lib/ruby/2.1.0/webrick/httpserver.rb:138:in `service'
  /Users/argamon/.rvm/rubies/ruby-2.1.1/lib/ruby/2.1.0/webrick/httpserver.rb:94:in `run'
  /Users/argamon/.rvm/rubies/ruby-2.1.1/lib/ruby/2.1.0/webrick/server.rb:295:in `block in start_thread'


  Rendered /Users/argamon/.rvm/gems/ruby-2.1.1/gems/actionpack-4.0.3/lib/action_dispatch/middleware/templates/rescues/_trace.erb (1.1ms)
  Rendered /Users/argamon/.rvm/gems/ruby-2.1.1/gems/actionpack-4.0.3/lib/action_dispatch/middleware/templates/routes/_route.html.erb (0.6ms)
  Rendered /Users/argamon/.rvm/gems/ruby-2.1.1/gems/actionpack-4.0.3/lib/action_dispatch/middleware/templates/routes/_table.html.erb (0.7ms)
  Rendered /Users/argamon/.rvm/gems/ruby-2.1.1/gems/actionpack-4.0.3/lib/action_dispatch/middleware/templates/rescues/routing_error.erb within rescues/layout (13.8ms)


Started GET "/static_pages/home" for 127.0.0.1 at 2014-03-10 00:07:57 -0500
Processing by StaticPagesController#home as HTML
  Rendered static_pages/home.html.erb within layouts/application (0.1ms)
Completed 200 OK in 5ms (Views: 4.3ms | ActiveRecord: 0.0ms)


Started GET "/assets/application.css?body=1" for 127.0.0.1 at 2014-03-10 00:07:57 -0500


Started GET "/assets/static_pages.css?body=1" for 127.0.0.1 at 2014-03-10 00:07:57 -0500


Started GET "/assets/jquery_ujs.js?body=1" for 127.0.0.1 at 2014-03-10 00:07:57 -0500


Started GET "/assets/jquery.js?body=1" for 127.0.0.1 at 2014-03-10 00:07:57 -0500


Started GET "/assets/static_pages.js?body=1" for 127.0.0.1 at 2014-03-10 00:07:57 -0500


Started GET "/assets/turbolinks.js?body=1" for 127.0.0.1 at 2014-03-10 00:07:57 -0500


Started GET "/assets/application.js?body=1" for 127.0.0.1 at 2014-03-10 00:07:57 -0500


Started GET "/static_pages/home" for 127.0.0.1 at 2014-03-10 00:13:33 -0500
Processing by StaticPagesController#home as HTML
  Rendered static_pages/home.html.erb within layouts/application (0.3ms)
Completed 200 OK in 3ms (Views: 3.2ms | ActiveRecord: 0.0ms)


Started GET "/assets/application.css?body=1" for 127.0.0.1 at 2014-03-10 00:13:33 -0500


Started GET "/assets/jquery_ujs.js?body=1" for 127.0.0.1 at 2014-03-10 00:13:33 -0500


Started GET "/assets/static_pages.css?body=1" for 127.0.0.1 at 2014-03-10 00:13:33 -0500


Started GET "/assets/static_pages.js?body=1" for 127.0.0.1 at 2014-03-10 00:13:33 -0500


Started GET "/assets/turbolinks.js?body=1" for 127.0.0.1 at 2014-03-10 00:13:33 -0500


Started GET "/assets/jquery.js?body=1" for 127.0.0.1 at 2014-03-10 00:13:33 -0500


Started GET "/assets/application.js?body=1" for 127.0.0.1 at 2014-03-10 00:13:33 -0500


Started GET "/help" for 127.0.0.1 at 2014-03-10 00:13:36 -0500

ActionController::RoutingError (No route matches [GET] "/help"):
  actionpack (4.0.3) lib/action_dispatch/middleware/debug_exceptions.rb:21:in `call'
  actionpack (4.0.3) lib/action_dispatch/middleware/show_exceptions.rb:30:in `call'
  railties (4.0.3) lib/rails/rack/logger.rb:38:in `call_app'
  railties (4.0.3) lib/rails/rack/logger.rb:20:in `block in call'
  activesupport (4.0.3) lib/active_support/tagged_logging.rb:67:in `block in tagged'
  activesupport (4.0.3) lib/active_support/tagged_logging.rb:25:in `tagged'
  activesupport (4.0.3) lib/active_support/tagged_logging.rb:67:in `tagged'
  railties (4.0.3) lib/rails/rack/logger.rb:20:in `call'
  actionpack (4.0.3) lib/action_dispatch/middleware/request_id.rb:21:in `call'
  rack (1.5.2) lib/rack/methodoverride.rb:21:in `call'
  rack (1.5.2) lib/rack/runtime.rb:17:in `call'
  activesupport (4.0.3) lib/active_support/cache/strategy/local_cache.rb:83:in `call'
  rack (1.5.2) lib/rack/lock.rb:17:in `call'
  actionpack (4.0.3) lib/action_dispatch/middleware/static.rb:64:in `call'
  rack (1.5.2) lib/rack/sendfile.rb:112:in `call'
  railties (4.0.3) lib/rails/engine.rb:511:in `call'
  railties (4.0.3) lib/rails/application.rb:97:in `call'
  rack (1.5.2) lib/rack/lock.rb:17:in `call'
  rack (1.5.2) lib/rack/content_length.rb:14:in `call'
  rack (1.5.2) lib/rack/handler/webrick.rb:60:in `service'
  /Users/argamon/.rvm/rubies/ruby-2.1.1/lib/ruby/2.1.0/webrick/httpserver.rb:138:in `service'
  /Users/argamon/.rvm/rubies/ruby-2.1.1/lib/ruby/2.1.0/webrick/httpserver.rb:94:in `run'
  /Users/argamon/.rvm/rubies/ruby-2.1.1/lib/ruby/2.1.0/webrick/server.rb:295:in `block in start_thread'


  Rendered /Users/argamon/.rvm/gems/ruby-2.1.1/gems/actionpack-4.0.3/lib/action_dispatch/middleware/templates/rescues/_trace.erb (1.3ms)
  Rendered /Users/argamon/.rvm/gems/ruby-2.1.1/gems/actionpack-4.0.3/lib/action_dispatch/middleware/templates/routes/_route.html.erb (1.1ms)
  Rendered /Users/argamon/.rvm/gems/ruby-2.1.1/gems/actionpack-4.0.3/lib/action_dispatch/middleware/templates/routes/_table.html.erb (1.4ms)
  Rendered /Users/argamon/.rvm/gems/ruby-2.1.1/gems/actionpack-4.0.3/lib/action_dispatch/middleware/templates/rescues/routing_error.erb within rescues/layout (16.4ms)


Started GET "/help" for 127.0.0.1 at 2014-03-10 00:13:36 -0500

ActionController::RoutingError (No route matches [GET] "/help"):
  actionpack (4.0.3) lib/action_dispatch/middleware/debug_exceptions.rb:21:in `call'
  actionpack (4.0.3) lib/action_dispatch/middleware/show_exceptions.rb:30:in `call'
  railties (4.0.3) lib/rails/rack/logger.rb:38:in `call_app'
  railties (4.0.3) lib/rails/rack/logger.rb:20:in `block in call'
  activesupport (4.0.3) lib/active_support/tagged_logging.rb:67:in `block in tagged'
  activesupport (4.0.3) lib/active_support/tagged_logging.rb:25:in `tagged'
  activesupport (4.0.3) lib/active_support/tagged_logging.rb:67:in `tagged'
  railties (4.0.3) lib/rails/rack/logger.rb:20:in `call'
  actionpack (4.0.3) lib/action_dispatch/middleware/request_id.rb:21:in `call'
  rack (1.5.2) lib/rack/methodoverride.rb:21:in `call'
  rack (1.5.2) lib/rack/runtime.rb:17:in `call'
  activesupport (4.0.3) lib/active_support/cache/strategy/local_cache.rb:83:in `call'
  rack (1.5.2) lib/rack/lock.rb:17:in `call'
  actionpack (4.0.3) lib/action_dispatch/middleware/static.rb:64:in `call'
  rack (1.5.2) lib/rack/sendfile.rb:112:in `call'
  railties (4.0.3) lib/rails/engine.rb:511:in `call'
  railties (4.0.3) lib/rails/application.rb:97:in `call'
  rack (1.5.2) lib/rack/lock.rb:17:in `call'
  rack (1.5.2) lib/rack/content_length.rb:14:in `call'
  rack (1.5.2) lib/rack/handler/webrick.rb:60:in `service'
  /Users/argamon/.rvm/rubies/ruby-2.1.1/lib/ruby/2.1.0/webrick/httpserver.rb:138:in `service'
  /Users/argamon/.rvm/rubies/ruby-2.1.1/lib/ruby/2.1.0/webrick/httpserver.rb:94:in `run'
  /Users/argamon/.rvm/rubies/ruby-2.1.1/lib/ruby/2.1.0/webrick/server.rb:295:in `block in start_thread'


  Rendered /Users/argamon/.rvm/gems/ruby-2.1.1/gems/actionpack-4.0.3/lib/action_dispatch/middleware/templates/rescues/_trace.erb (1.8ms)
  Rendered /Users/argamon/.rvm/gems/ruby-2.1.1/gems/actionpack-4.0.3/lib/action_dispatch/middleware/templates/routes/_route.html.erb (1.1ms)
  Rendered /Users/argamon/.rvm/gems/ruby-2.1.1/gems/actionpack-4.0.3/lib/action_dispatch/middleware/templates/routes/_table.html.erb (1.5ms)
  Rendered /Users/argamon/.rvm/gems/ruby-2.1.1/gems/actionpack-4.0.3/lib/action_dispatch/middleware/templates/rescues/routing_error.erb within rescues/layout (20.7ms)


Started GET "/static-pages/home" for 127.0.0.1 at 2014-03-10 00:13:50 -0500

ActionController::RoutingError (No route matches [GET] "/static-pages/home"):
  actionpack (4.0.3) lib/action_dispatch/middleware/debug_exceptions.rb:21:in `call'
  actionpack (4.0.3) lib/action_dispatch/middleware/show_exceptions.rb:30:in `call'
  railties (4.0.3) lib/rails/rack/logger.rb:38:in `call_app'
  railties (4.0.3) lib/rails/rack/logger.rb:20:in `block in call'
  activesupport (4.0.3) lib/active_support/tagged_logging.rb:67:in `block in tagged'
  activesupport (4.0.3) lib/active_support/tagged_logging.rb:25:in `tagged'
  activesupport (4.0.3) lib/active_support/tagged_logging.rb:67:in `tagged'
  railties (4.0.3) lib/rails/rack/logger.rb:20:in `call'
  actionpack (4.0.3) lib/action_dispatch/middleware/request_id.rb:21:in `call'
  rack (1.5.2) lib/rack/methodoverride.rb:21:in `call'
  rack (1.5.2) lib/rack/runtime.rb:17:in `call'
  activesupport (4.0.3) lib/active_support/cache/strategy/local_cache.rb:83:in `call'
  rack (1.5.2) lib/rack/lock.rb:17:in `call'
  actionpack (4.0.3) lib/action_dispatch/middleware/static.rb:64:in `call'
  rack (1.5.2) lib/rack/sendfile.rb:112:in `call'
  railties (4.0.3) lib/rails/engine.rb:511:in `call'
  railties (4.0.3) lib/rails/application.rb:97:in `call'
  rack (1.5.2) lib/rack/lock.rb:17:in `call'
  rack (1.5.2) lib/rack/content_length.rb:14:in `call'
  rack (1.5.2) lib/rack/handler/webrick.rb:60:in `service'
  /Users/argamon/.rvm/rubies/ruby-2.1.1/lib/ruby/2.1.0/webrick/httpserver.rb:138:in `service'
  /Users/argamon/.rvm/rubies/ruby-2.1.1/lib/ruby/2.1.0/webrick/httpserver.rb:94:in `run'
  /Users/argamon/.rvm/rubies/ruby-2.1.1/lib/ruby/2.1.0/webrick/server.rb:295:in `block in start_thread'


  Rendered /Users/argamon/.rvm/gems/ruby-2.1.1/gems/actionpack-4.0.3/lib/action_dispatch/middleware/templates/rescues/_trace.erb (0.9ms)
  Rendered /Users/argamon/.rvm/gems/ruby-2.1.1/gems/actionpack-4.0.3/lib/action_dispatch/middleware/templates/routes/_route.html.erb (0.6ms)
  Rendered /Users/argamon/.rvm/gems/ruby-2.1.1/gems/actionpack-4.0.3/lib/action_dispatch/middleware/templates/routes/_table.html.erb (0.8ms)
  Rendered /Users/argamon/.rvm/gems/ruby-2.1.1/gems/actionpack-4.0.3/lib/action_dispatch/middleware/templates/rescues/routing_error.erb within rescues/layout (11.8ms)


Started GET "/static_pages/home" for 127.0.0.1 at 2014-03-10 00:14:05 -0500
Processing by StaticPagesController#home as HTML
  Rendered static_pages/home.html.erb within layouts/application (0.7ms)
Completed 200 OK in 8ms (Views: 7.4ms | ActiveRecord: 0.0ms)


Started GET "/assets/jquery.js?body=1" for 127.0.0.1 at 2014-03-10 00:14:05 -0500


Started GET "/assets/application.css?body=1" for 127.0.0.1 at 2014-03-10 00:14:05 -0500


Started GET "/assets/static_pages.css?body=1" for 127.0.0.1 at 2014-03-10 00:14:05 -0500


Started GET "/assets/application.js?body=1" for 127.0.0.1 at 2014-03-10 00:14:05 -0500


Started GET "/assets/turbolinks.js?body=1" for 127.0.0.1 at 2014-03-10 00:14:05 -0500


Started GET "/assets/jquery_ujs.js?body=1" for 127.0.0.1 at 2014-03-10 00:14:05 -0500


Started GET "/assets/static_pages.js?body=1" for 127.0.0.1 at 2014-03-10 00:14:06 -0500


Started GET "/static_pages/help" for 127.0.0.1 at 2014-03-10 00:14:07 -0500
Processing by StaticPagesController#help as HTML
  Rendered static_pages/help.html.erb within layouts/application (1.3ms)
Completed 200 OK in 9ms (Views: 8.5ms | ActiveRecord: 0.0ms)


Started GET "/static_pages/help" for 127.0.0.1 at 2014-03-10 00:14:07 -0500
Processing by StaticPagesController#help as HTML
  Rendered static_pages/help.html.erb within layouts/application (0.5ms)
Completed 200 OK in 5ms (Views: 4.8ms | ActiveRecord: 0.0ms)


Started GET "/assets/application.css?body=1" for 127.0.0.1 at 2014-03-10 00:14:07 -0500


Started GET "/assets/jquery_ujs.js?body=1" for 127.0.0.1 at 2014-03-10 00:14:07 -0500


Started GET "/assets/turbolinks.js?body=1" for 127.0.0.1 at 2014-03-10 00:14:07 -0500


Started GET "/assets/static_pages.js?body=1" for 127.0.0.1 at 2014-03-10 00:14:07 -0500


Started GET "/assets/jquery.js?body=1" for 127.0.0.1 at 2014-03-10 00:14:07 -0500


Started GET "/assets/application.js?body=1" for 127.0.0.1 at 2014-03-10 00:14:07 -0500


Started GET "/assets/static_pages.css?body=1" for 127.0.0.1 at 2014-03-10 00:14:07 -0500


Started GET "/assets/jquery_ujs.js?body=1" for 127.0.0.1 at 2014-03-10 00:14:07 -0500


Started GET "/assets/turbolinks.js?body=1" for 127.0.0.1 at 2014-03-10 00:14:07 -0500


Started GET "/assets/static_pages.js?body=1" for 127.0.0.1 at 2014-03-10 00:14:07 -0500


Started GET "/assets/application.js?body=1" for 127.0.0.1 at 2014-03-10 00:14:07 -0500


Started GET "/static_pages/help" for 127.0.0.1 at 2014-03-10 00:25:04 -0500
Processing by StaticPagesController#help as HTML
  Rendered static_pages/help.html.erb within layouts/application (0.4ms)
Completed 200 OK in 6ms (Views: 5.2ms | ActiveRecord: 0.0ms)


Started GET "/assets/jquery_ujs.js?body=1" for 127.0.0.1 at 2014-03-10 00:25:04 -0500


Started GET "/assets/application.css?body=1" for 127.0.0.1 at 2014-03-10 00:25:04 -0500


Started GET "/assets/turbolinks.js?body=1" for 127.0.0.1 at 2014-03-10 00:25:04 -0500


Started GET "/assets/jquery.js?body=1" for 127.0.0.1 at 2014-03-10 00:25:04 -0500
